==75470== drd, a thread error detector
==75470== Copyright (C) 2006-2017, and GNU GPL'd, by Bart Van Assche.
==75470== Using Valgrind-3.16.1 and LibVEX; rerun with -h for copyright info
==75470== Command: ./philo_bonus 4 300 200 200
==75470== Parent PID: 75469
==75470== 
==75470== [1] sem_open      0x4029000 name /sem_1 oflag 0xc0 mode 0666 value 0
==75470== [1] sem_open      0x485a000 name /sem_2 oflag 0xc0 mode 0666 value 0
==75470== [1] sem_open      0x485b000 name /sem_3 oflag 0xc0 mode 0666 value 0
==75470== [1] sem_open      0x485c000 name /sem_4 oflag 0xc0 mode 0666 value 0
==75470== [1] sem_open      0x485d000 name /forks oflag 0xc0 mode 0666 value 2
==75470== [1] sem_open      0x485e000 name /death oflag 0xc0 mode 0666 value 0
==75470== [1] sem_open      0x485f000 name /print oflag 0xc0 mode 0666 value 0
==75470== [1] sem_open      0x4e59000 name /sim_end oflag 0xc0 mode 0666 value 0
==75470== [1] sem_open      0x4e5a000 name /sync_start oflag 0xc0 mode 0644 value 0
==75470== [1] sem_open      0x4e5b000 name /time_since_meal oflag 0xc0 mode 0666 value 0
==75470== [1] sem_post      0x4e5a000 value 0 -> 1
==75470== [1] sem_post      0x485f000 value 0 -> 1
==75471== [2] sem_wait      0x4e5a000 value 0 -> 4294967295
==75471== Thread 2:
==75471== Invalid semaphore: semaphore 0x4e5a000
==75471==    at 0x484A117: sem_wait@* (in /usr/lib/x86_64-linux-gnu/valgrind/vgpreload_drd-amd64-linux.so)
==75471==    by 0x402E58: monitor_philo (threads.c:46)
==75471==    by 0x483F166: ??? (in /usr/lib/x86_64-linux-gnu/valgrind/vgpreload_drd-amd64-linux.so)
==75471==    by 0x4867EA6: start_thread (pthread_create.c:477)
==75471==    by 0x497DA2E: clone (clone.S:95)
==75471== semaphore 0x4e5a000 was first observed at:
==75471==    at 0x484968B: sem_open (in /usr/lib/x86_64-linux-gnu/valgrind/vgpreload_drd-amd64-linux.so)
==75471==    by 0x401FB9: open_semaphores (setup.c:37)
==75471==    by 0x401DE4: setup (setup.c:145)
==75471==    by 0x40126F: main (main.c:47)
==75471== 
==75471== [2] sem_post      0x4e5a000 value 4294967295 -> 0
==75471== [2] sem_post      0x4029000 value 0 -> 1
==75472== [2] sem_wait      0x4e5a000 value 0 -> 4294967295
==75472== Thread 2:
==75471== [1] sem_wait      0x4029000 value 1 -> 0
==75472== Invalid semaphore: semaphore 0x4e5a000
==75472==    at 0x484A117: sem_wait@* (in /usr/lib/x86_64-linux-gnu/valgrind/vgpreload_drd-amd64-linux.so)
==75471== [1] sem_post      0x4029000 value 0 -> 1
==75472==    by 0x402E58: monitor_philo (threads.c:46)
==75472==    by 0x483F166: ??? (in /usr/lib/x86_64-linux-gnu/valgrind/vgpreload_drd-amd64-linux.so)
==75471== [1] sem_wait      0x4029000 value 1 -> 0
==75472==    by 0x4867EA6: start_thread (pthread_create.c:477)
==75472==    by 0x497DA2E: clone (clone.S:95)
==75471== [1] sem_post      0x4029000 value 0 -> 1
==75472== semaphore 0x4e5a000 was first observed at:
==75472==    at 0x484968B: sem_open (in /usr/lib/x86_64-linux-gnu/valgrind/vgpreload_drd-amd64-linux.so)
==75471== [1] sem_wait      0x4029000 value 1 -> 0
==75472==    by 0x401FB9: open_semaphores (setup.c:37)
==75472==    by 0x401DE4: setup (setup.c:145)
==75471== [1] sem_post      0x4029000 value 0 -> 1
==75472==    by 0x40126F: main (main.c:47)
==75472== 
==75471== [1] sem_wait      0x485d000 value 2 -> 1
==75472== [2] sem_post      0x4e5a000 value 4294967295 -> 0
==75471== [1] sem_wait      0x4029000 value 1 -> 0
==75471== [1] sem_wait      0x485f000 value 0 -> 4294967295
==75471== Thread 1:
==75471== Invalid semaphore: semaphore 0x485f000
==75474== [2] sem_wait      0x4e5a000 value 0 -> 4294967295
==75474== Thread 2:
==75471==    at 0x484A117: sem_wait@* (in /usr/lib/x86_64-linux-gnu/valgrind/vgpreload_drd-amd64-linux.so)
==75471==    by 0x4023B1: print_message (printing.c:25)
==75474== Invalid semaphore: semaphore 0x4e5a000
==75472== [2] sem_post      0x485a000 value 0 -> 1
==75471==    by 0x4020BE: print_eating (philo_actions.c:18)
==75471==    by 0x40220D: eating (philo_actions.c:46)
==75474==    at 0x484A117: sem_wait@* (in /usr/lib/x86_64-linux-gnu/valgrind/vgpreload_drd-amd64-linux.so)
==75471==    by 0x40249A: philo_first_action (routine.c:27)
==75471==    by 0x402C12: forked_philo (forked_process.c:41)
==75472== [1] sem_wait      0x485a000 value 1 -> 0
==75474==    by 0x402E58: monitor_philo (threads.c:46)
==75474==    by 0x483F166: ??? (in /usr/lib/x86_64-linux-gnu/valgrind/vgpreload_drd-amd64-linux.so)
==75471==    by 0x40277A: simulation (sim.c:30)
==75471==    by 0x40127C: main (main.c:48)
==75472== [1] sem_post      0x485a000 value 0 -> 1
==75474==    by 0x4867EA6: start_thread (pthread_create.c:477)
==75474==    by 0x497DA2E: clone (clone.S:95)
==75471== semaphore 0x485f000 was first observed at:
==75472== [1] sem_wait      0x485a000 value 1 -> 0
==75474== semaphore 0x4e5a000 was first observed at:
==75474==    at 0x484968B: sem_open (in /usr/lib/x86_64-linux-gnu/valgrind/vgpreload_drd-amd64-linux.so)
==75471==    at 0x484968B: sem_open (in /usr/lib/x86_64-linux-gnu/valgrind/vgpreload_drd-amd64-linux.so)
==75471==    by 0x401F39: open_semaphores (setup.c:31)
==75474==    by 0x401FB9: open_semaphores (setup.c:37)
==75471==    by 0x401DE4: setup (setup.c:145)
==75471==    by 0x40126F: main (main.c:47)
==75474==    by 0x401DE4: setup (setup.c:145)
==75474==    by 0x40126F: main (main.c:47)
==75471== 
==75474== 
==75474== [2] sem_post      0x4e5a000 value 4294967295 -> 0
==75475== [2] sem_wait      0x4e5a000 value 0 -> 4294967295
==75475== Thread 2:
==75474== [2] sem_post      0x485b000 value 0 -> 1
==75475== Invalid semaphore: semaphore 0x4e5a000
==75475==    at 0x484A117: sem_wait@* (in /usr/lib/x86_64-linux-gnu/valgrind/vgpreload_drd-amd64-linux.so)
==75474== [1] sem_wait      0x485b000 value 1 -> 0
==75475==    by 0x402E58: monitor_philo (threads.c:46)
==75475==    by 0x483F166: ??? (in /usr/lib/x86_64-linux-gnu/valgrind/vgpreload_drd-amd64-linux.so)
==75474== [1] sem_post      0x485b000 value 0 -> 1
==75475==    by 0x4867EA6: start_thread (pthread_create.c:477)
==75475==    by 0x497DA2E: clone (clone.S:95)
==75475== semaphore 0x4e5a000 was first observed at:
==75474== [1] sem_wait      0x485b000 value 1 -> 0
==75475==    at 0x484968B: sem_open (in /usr/lib/x86_64-linux-gnu/valgrind/vgpreload_drd-amd64-linux.so)
==75475==    by 0x401FB9: open_semaphores (setup.c:37)
==75474== [1] sem_post      0x485b000 value 0 -> 1
==75475==    by 0x401DE4: setup (setup.c:145)
==75475==    by 0x40126F: main (main.c:47)
==75471== [1] sem_post      0x4029000 value 0 -> 1
==75474== [1] sem_wait      0x485b000 value 1 -> 0
==75475== 
==75471== [1] sem_post      0x485f000 value 4294967295 -> 0
==75474== [1] sem_post      0x485b000 value 0 -> 1
==75475== [2] sem_post      0x4e5a000 value 4294967295 -> 0
==75472== [1] sem_wait      0x485f000 value 0 -> 4294967295
==75472== Thread 1:
==75471== [1] sem_wait      0x4029000 value 1 -> 0
==75474== [1] sem_wait      0x485d000 value 2 -> 1
==75472== Invalid semaphore: semaphore 0x485f000
==75472==    at 0x484A117: sem_wait@* (in /usr/lib/x86_64-linux-gnu/valgrind/vgpreload_drd-amd64-linux.so)
==75475== [2] sem_post      0x485c000 value 0 -> 1
==75474== [1] sem_wait      0x485b000 value 1 -> 0
==75472==    by 0x4023B1: print_message (printing.c:25)
==75472==    by 0x40231E: sleeping (philo_actions.c:70)
==75472==    by 0x40247B: philo_first_action (routine.c:22)
==75472==    by 0x402C12: forked_philo (forked_process.c:41)
==75475== [1] sem_wait      0x485c000 value 1 -> 0
==75475== [1] sem_post      0x485c000 value 0 -> 1
==75472==    by 0x40277A: simulation (sim.c:30)
==75472==    by 0x40127C: main (main.c:48)
==75475== [1] sem_wait      0x485c000 value 1 -> 0
==75472== semaphore 0x485f000 was first observed at:
==75472==    at 0x484968B: sem_open (in /usr/lib/x86_64-linux-gnu/valgrind/vgpreload_drd-amd64-linux.so)
==75472==    by 0x401F39: open_semaphores (setup.c:31)
==75472==    by 0x401DE4: setup (setup.c:145)
==75472==    by 0x40126F: main (main.c:47)
==75472== 
==75472== [1] sem_post      0x485a000 value 0 -> 1
==75472== [1] sem_post      0x485f000 value 4294967295 -> 0
==75471== [1] sem_wait      0x485f000 value 0 -> 4294967295
==75471== Invalid semaphore: semaphore 0x485f000
==75471==    at 0x484A117: sem_wait@* (in /usr/lib/x86_64-linux-gnu/valgrind/vgpreload_drd-amd64-linux.so)
==75471==    by 0x4023B1: print_message (printing.c:25)
==75471==    by 0x4020E2: print_eating (philo_actions.c:20)
==75471==    by 0x40220D: eating (philo_actions.c:46)
==75471==    by 0x40249A: philo_first_action (routine.c:27)
==75471==    by 0x402C12: forked_philo (forked_process.c:41)
==75471==    by 0x40277A: simulation (sim.c:30)
==75471==    by 0x40127C: main (main.c:48)
==75471== semaphore 0x485f000 was first observed at:
==75471==    at 0x484968B: sem_open (in /usr/lib/x86_64-linux-gnu/valgrind/vgpreload_drd-amd64-linux.so)
==75471==    by 0x401F39: open_semaphores (setup.c:31)
==75471==    by 0x401DE4: setup (setup.c:145)
==75471==    by 0x40126F: main (main.c:47)
==75471== 
==75471== [1] sem_post      0x4029000 value 0 -> 1
==75471== [1] sem_post      0x485f000 value 4294967295 -> 0
==75474== [1] sem_wait      0x485f000 value 0 -> 4294967295
==75471== [1] sem_wait      0x4029000 value 1 -> 0
==75474== Thread 1:
==75474== Invalid semaphore: semaphore 0x485f000
==75474==    at 0x484A117: sem_wait@* (in /usr/lib/x86_64-linux-gnu/valgrind/vgpreload_drd-amd64-linux.so)
==75474==    by 0x4023B1: print_message (printing.c:25)
==75474==    by 0x4020BE: print_eating (philo_actions.c:18)
==75474==    by 0x40220D: eating (philo_actions.c:46)
==75474==    by 0x40249A: philo_first_action (routine.c:27)
==75474==    by 0x402C12: forked_philo (forked_process.c:41)
==75474==    by 0x40277A: simulation (sim.c:30)
==75474==    by 0x40127C: main (main.c:48)
==75474== semaphore 0x485f000 was first observed at:
==75474==    at 0x484968B: sem_open (in /usr/lib/x86_64-linux-gnu/valgrind/vgpreload_drd-amd64-linux.so)
==75474==    by 0x401F39: open_semaphores (setup.c:31)
==75474==    by 0x401DE4: setup (setup.c:145)
==75474==    by 0x40126F: main (main.c:47)
==75474== 
==75474== [1] sem_post      0x485b000 value 0 -> 1
==75474== [1] sem_post      0x485f000 value 4294967295 -> 0
==75475== [1] sem_wait      0x485f000 value 0 -> 4294967295
==75475== Thread 1:
==75474== [1] sem_wait      0x485b000 value 1 -> 0
==75475== Invalid semaphore: semaphore 0x485f000
==75475==    at 0x484A117: sem_wait@* (in /usr/lib/x86_64-linux-gnu/valgrind/vgpreload_drd-amd64-linux.so)
==75475==    by 0x4023B1: print_message (printing.c:25)
==75475==    by 0x40231E: sleeping (philo_actions.c:70)
==75475==    by 0x40247B: philo_first_action (routine.c:22)
==75475==    by 0x402C12: forked_philo (forked_process.c:41)
==75475==    by 0x40277A: simulation (sim.c:30)
==75475==    by 0x40127C: main (main.c:48)
==75475== semaphore 0x485f000 was first observed at:
==75475==    at 0x484968B: sem_open (in /usr/lib/x86_64-linux-gnu/valgrind/vgpreload_drd-amd64-linux.so)
==75475==    by 0x401F39: open_semaphores (setup.c:31)
==75475==    by 0x401DE4: setup (setup.c:145)
==75475==    by 0x40126F: main (main.c:47)
==75475== 
==75475== [1] sem_post      0x485c000 value 0 -> 1
==75475== [1] sem_post      0x485f000 value 4294967295 -> 0
==75471== [1] sem_wait      0x485f000 value 0 -> 4294967295
==75471== Invalid semaphore: semaphore 0x485f000
==75471==    at 0x484A117: sem_wait@* (in /usr/lib/x86_64-linux-gnu/valgrind/vgpreload_drd-amd64-linux.so)
==75471==    by 0x4023B1: print_message (printing.c:25)
==75471==    by 0x402106: print_eating (philo_actions.c:22)
==75471==    by 0x40220D: eating (philo_actions.c:46)
==75471==    by 0x40249A: philo_first_action (routine.c:27)
==75471==    by 0x402C12: forked_philo (forked_process.c:41)
==75471==    by 0x40277A: simulation (sim.c:30)
==75471==    by 0x40127C: main (main.c:48)
==75471== semaphore 0x485f000 was first observed at:
==75471==    at 0x484968B: sem_open (in /usr/lib/x86_64-linux-gnu/valgrind/vgpreload_drd-amd64-linux.so)
==75471==    by 0x401F39: open_semaphores (setup.c:31)
==75471==    by 0x401DE4: setup (setup.c:145)
==75471==    by 0x40126F: main (main.c:47)
==75471== 
==75471== [1] sem_post      0x4029000 value 0 -> 1
==75471== [1] sem_post      0x485f000 value 4294967295 -> 0
==75474== [1] sem_wait      0x485f000 value 0 -> 4294967295
==75474== Invalid semaphore: semaphore 0x485f000
==75474==    at 0x484A117: sem_wait@* (in /usr/lib/x86_64-linux-gnu/valgrind/vgpreload_drd-amd64-linux.so)
==75474==    by 0x4023B1: print_message (printing.c:25)
==75474==    by 0x4020E2: print_eating (philo_actions.c:20)
==75474==    by 0x40220D: eating (philo_actions.c:46)
==75474==    by 0x40249A: philo_first_action (routine.c:27)
==75474==    by 0x402C12: forked_philo (forked_process.c:41)
==75474==    by 0x40277A: simulation (sim.c:30)
==75474==    by 0x40127C: main (main.c:48)
==75474== semaphore 0x485f000 was first observed at:
==75474==    at 0x484968B: sem_open (in /usr/lib/x86_64-linux-gnu/valgrind/vgpreload_drd-amd64-linux.so)
==75474==    by 0x401F39: open_semaphores (setup.c:31)
==75474==    by 0x401DE4: setup (setup.c:145)
==75474==    by 0x40126F: main (main.c:47)
==75474== 
==75474== [1] sem_post      0x485b000 value 0 -> 1
==75474== [1] sem_post      0x485f000 value 4294967295 -> 0
==75474== [1] sem_wait      0x485b000 value 1 -> 0
==75474== [1] sem_wait      0x485f000 value 0 -> 4294967295
==75474== Invalid semaphore: semaphore 0x485f000
==75474==    at 0x484A117: sem_wait@* (in /usr/lib/x86_64-linux-gnu/valgrind/vgpreload_drd-amd64-linux.so)
==75474==    by 0x4023B1: print_message (printing.c:25)
==75474==    by 0x402106: print_eating (philo_actions.c:22)
==75474==    by 0x40220D: eating (philo_actions.c:46)
==75474==    by 0x40249A: philo_first_action (routine.c:27)
==75474==    by 0x402C12: forked_philo (forked_process.c:41)
==75474==    by 0x40277A: simulation (sim.c:30)
==75474==    by 0x40127C: main (main.c:48)
==75474== semaphore 0x485f000 was first observed at:
==75474==    at 0x484968B: sem_open (in /usr/lib/x86_64-linux-gnu/valgrind/vgpreload_drd-amd64-linux.so)
==75474==    by 0x401F39: open_semaphores (setup.c:31)
==75474==    by 0x401DE4: setup (setup.c:145)
==75474==    by 0x40126F: main (main.c:47)
==75474== 
==75474== [1] sem_post      0x485b000 value 0 -> 1
==75474== [1] sem_post      0x485f000 value 4294967295 -> 0
==75472== [1] sem_wait      0x485a000 value 1 -> 0
==75472== [1] sem_post      0x485a000 value 0 -> 1
==75472== [1] sem_wait      0x485a000 value 1 -> 0
==75472== [1] sem_post      0x485a000 value 0 -> 1
==75472== [1] sem_wait      0x485a000 value 1 -> 0
==75472== [1] sem_post      0x485a000 value 0 -> 1
==75475== [1] sem_wait      0x485c000 value 1 -> 0
==75475== [1] sem_post      0x485c000 value 0 -> 1
==75475== [1] sem_wait      0x485c000 value 1 -> 0
==75475== [1] sem_post      0x485c000 value 0 -> 1
==75475== [1] sem_wait      0x485c000 value 1 -> 0
==75475== [1] sem_post      0x485c000 value 0 -> 1
==75471== [1] sem_wait      0x4029000 value 1 -> 0
==75471== [1] sem_post      0x4029000 value 0 -> 1
==75471== [1] sem_post      0x485d000 value 1 -> 2
==75472== [1] sem_wait      0x485d000 value 2 -> 1
==75471== [1] sem_wait      0x4029000 value 1 -> 0
==75471== [1] sem_wait      0x485f000 value 0 -> 4294967295
==75472== [1] sem_wait      0x485a000 value 1 -> 0
==75471== Invalid semaphore: semaphore 0x485f000
==75471==    at 0x484A117: sem_wait@* (in /usr/lib/x86_64-linux-gnu/valgrind/vgpreload_drd-amd64-linux.so)
==75471==    by 0x4023B1: print_message (printing.c:25)
==75471==    by 0x40231E: sleeping (philo_actions.c:70)
==75471==    by 0x4024B4: philo_first_action (routine.c:29)
==75471==    by 0x402C12: forked_philo (forked_process.c:41)
==75471==    by 0x40277A: simulation (sim.c:30)
==75471==    by 0x40127C: main (main.c:48)
==75471== semaphore 0x485f000 was first observed at:
==75471==    at 0x484968B: sem_open (in /usr/lib/x86_64-linux-gnu/valgrind/vgpreload_drd-amd64-linux.so)
==75471==    by 0x401F39: open_semaphores (setup.c:31)
==75471==    by 0x401DE4: setup (setup.c:145)
==75471==    by 0x40126F: main (main.c:47)
==75471== 
==75471== [1] sem_post      0x4029000 value 0 -> 1
==75471== [1] sem_post      0x485f000 value 4294967295 -> 0
==75472== [1] sem_wait      0x485f000 value 0 -> 4294967295
==75472== Invalid semaphore: semaphore 0x485f000
==75472==    at 0x484A117: sem_wait@* (in /usr/lib/x86_64-linux-gnu/valgrind/vgpreload_drd-amd64-linux.so)
==75472==    by 0x4023B1: print_message (printing.c:25)
==75472==    by 0x4020BE: print_eating (philo_actions.c:18)
==75472==    by 0x40220D: eating (philo_actions.c:46)
==75472==    by 0x40251A: philo_routine (routine.c:40)
==75472==    by 0x402C2E: forked_philo (forked_process.c:43)
==75472==    by 0x40277A: simulation (sim.c:30)
==75472==    by 0x40127C: main (main.c:48)
==75472== semaphore 0x485f000 was first observed at:
==75472==    at 0x484968B: sem_open (in /usr/lib/x86_64-linux-gnu/valgrind/vgpreload_drd-amd64-linux.so)
==75472==    by 0x401F39: open_semaphores (setup.c:31)
==75472==    by 0x401DE4: setup (setup.c:145)
==75472==    by 0x40126F: main (main.c:47)
==75472== 
==75472== [1] sem_post      0x485a000 value 0 -> 1
==75472== [1] sem_post      0x485f000 value 4294967295 -> 0
==75474== [1] sem_wait      0x485b000 value 1 -> 0
==75471== [2] sem_wait      0x485f000 value 0 -> 4294967295
==75471== Thread 2:
==75474== [1] sem_post      0x485b000 value 0 -> 1
==75472== [1] sem_wait      0x485a000 value 1 -> 0
==75471== Invalid semaphore: semaphore 0x485f000
==75471==    at 0x484A117: sem_wait@* (in /usr/lib/x86_64-linux-gnu/valgrind/vgpreload_drd-amd64-linux.so)
==75474== [1] sem_post      0x485d000 value 1 -> 2
==75471==    by 0x402CFC: philo_starving (threads.c:18)
==75471==    by 0x402EA6: monitor_philo (threads.c:53)
==75475== [1] sem_wait      0x485d000 value 2 -> 1
==75474== [1] sem_wait      0x485b000 value 1 -> 0
==75471==    by 0x483F166: ??? (in /usr/lib/x86_64-linux-gnu/valgrind/vgpreload_drd-amd64-linux.so)
==75471==    by 0x4867EA6: start_thread (pthread_create.c:477)
==75475== [1] sem_wait      0x485c000 value 1 -> 0
==75471==    by 0x497DA2E: clone (clone.S:95)
==75471== semaphore 0x485f000 was first observed at:
==75471==    at 0x484968B: sem_open (in /usr/lib/x86_64-linux-gnu/valgrind/vgpreload_drd-amd64-linux.so)
==75471==    by 0x401F39: open_semaphores (setup.c:31)
==75471==    by 0x401DE4: setup (setup.c:145)
==75471==    by 0x40126F: main (main.c:47)
==75471== 
==75471== [2] sem_wait      0x4029000 value 1 -> 0
==75471== [2] sem_post      0x4029000 value 0 -> 1
==75471== [2] sem_post      0x485f000 value 4294967295 -> 0
==75472== [1] sem_wait      0x485f000 value 0 -> 4294967295
==75472== Invalid semaphore: semaphore 0x485f000
==75472==    at 0x484A117: sem_wait@* (in /usr/lib/x86_64-linux-gnu/valgrind/vgpreload_drd-amd64-linux.so)
==75472==    by 0x4023B1: print_message (printing.c:25)
==75472==    by 0x4020E2: print_eating (philo_actions.c:20)
==75472==    by 0x40220D: eating (philo_actions.c:46)
==75472==    by 0x40251A: philo_routine (routine.c:40)
==75472==    by 0x402C2E: forked_philo (forked_process.c:43)
==75472==    by 0x40277A: simulation (sim.c:30)
==75472==    by 0x40127C: main (main.c:48)
==75472== semaphore 0x485f000 was first observed at:
==75472==    at 0x484968B: sem_open (in /usr/lib/x86_64-linux-gnu/valgrind/vgpreload_drd-amd64-linux.so)
==75472==    by 0x401F39: open_semaphores (setup.c:31)
==75472==    by 0x401DE4: setup (setup.c:145)
==75472==    by 0x40126F: main (main.c:47)
==75472== 
==75472== [1] sem_post      0x485a000 value 0 -> 1
==75472== [1] sem_post      0x485f000 value 4294967295 -> 0
==75472== [1] sem_wait      0x485a000 value 1 -> 0
==75472== [1] sem_wait      0x485f000 value 0 -> 4294967295
==75472== Invalid semaphore: semaphore 0x485f000
==75472==    at 0x484A117: sem_wait@* (in /usr/lib/x86_64-linux-gnu/valgrind/vgpreload_drd-amd64-linux.so)
==75472==    by 0x4023B1: print_message (printing.c:25)
==75472==    by 0x402106: print_eating (philo_actions.c:22)
==75472==    by 0x40220D: eating (philo_actions.c:46)
==75472==    by 0x40251A: philo_routine (routine.c:40)
==75472==    by 0x402C2E: forked_philo (forked_process.c:43)
==75472==    by 0x40277A: simulation (sim.c:30)
==75472==    by 0x40127C: main (main.c:48)
==75472== semaphore 0x485f000 was first observed at:
==75472==    at 0x484968B: sem_open (in /usr/lib/x86_64-linux-gnu/valgrind/vgpreload_drd-amd64-linux.so)
==75472==    by 0x401F39: open_semaphores (setup.c:31)
==75472==    by 0x401DE4: setup (setup.c:145)
==75472==    by 0x40126F: main (main.c:47)
==75472== 
==75472== [1] sem_post      0x485a000 value 0 -> 1
==75472== [1] sem_post      0x485f000 value 4294967295 -> 0
==75472== [2] sem_wait      0x485f000 value 0 -> 4294967295
==75472== Thread 2:
==75472== Invalid semaphore: semaphore 0x485f000
==75472==    at 0x484A117: sem_wait@* (in /usr/lib/x86_64-linux-gnu/valgrind/vgpreload_drd-amd64-linux.so)
==75472==    by 0x402CFC: philo_starving (threads.c:18)
==75472==    by 0x402EA6: monitor_philo (threads.c:53)
==75472==    by 0x483F166: ??? (in /usr/lib/x86_64-linux-gnu/valgrind/vgpreload_drd-amd64-linux.so)
==75472==    by 0x4867EA6: start_thread (pthread_create.c:477)
==75472==    by 0x497DA2E: clone (clone.S:95)
==75472== semaphore 0x485f000 was first observed at:
==75472==    at 0x484968B: sem_open (in /usr/lib/x86_64-linux-gnu/valgrind/vgpreload_drd-amd64-linux.so)
==75472==    by 0x401F39: open_semaphores (setup.c:31)
==75472==    by 0x401DE4: setup (setup.c:145)
==75472==    by 0x40126F: main (main.c:47)
==75472== 
==75472== [2] sem_wait      0x485a000 value 1 -> 0
==75472== [2] sem_post      0x485a000 value 0 -> 1
==75472== [2] sem_wait      0x485a000 value 1 -> 0
==75472== [2] sem_post      0x485e000 value 0 -> 1
==75472== [2] sem_post      0x485a000 value 0 -> 1
==75470== [1] sem_wait      0x485e000 value 0 -> 4294967295
==75470== Invalid semaphore: semaphore 0x485e000
==75470==    at 0x484A117: sem_wait@* (in /usr/lib/x86_64-linux-gnu/valgrind/vgpreload_drd-amd64-linux.so)
==75470==    by 0x4027B9: simulation (sim.c:38)
==75470==    by 0x40127C: main (main.c:48)
==75470== semaphore 0x485e000 was first observed at:
==75470==    at 0x484968B: sem_open (in /usr/lib/x86_64-linux-gnu/valgrind/vgpreload_drd-amd64-linux.so)
==75470==    by 0x401EF9: open_semaphores (setup.c:28)
==75470==    by 0x401DE4: setup (setup.c:145)
==75470==    by 0x40126F: main (main.c:47)
==75470== 
==75470== [1] sem_post      0x4e59000 value 0 -> 1
==75470== [1] sem_post      0x4e59000 value 1 -> 2
==75471== [3] sem_wait      0x4e59000 value 0 -> 4294967295
==75471== Thread 3:
==75472== [3] sem_wait      0x4e59000 value 0 -> 4294967295
==75472== Thread 3:
==75470== [1] sem_post      0x4e59000 value 2 -> 3
==75471== Invalid semaphore: semaphore 0x4e59000
==75471==    at 0x484A117: sem_wait@* (in /usr/lib/x86_64-linux-gnu/valgrind/vgpreload_drd-amd64-linux.so)
==75472== Invalid semaphore: semaphore 0x4e59000
==75472==    at 0x484A117: sem_wait@* (in /usr/lib/x86_64-linux-gnu/valgrind/vgpreload_drd-amd64-linux.so)
==75470== [1] sem_post      0x4e59000 value 3 -> 4
==75474== [3] sem_wait      0x4e59000 value 0 -> 4294967295
==75474== Thread 3:
==75471==    by 0x402F3C: cleanup_philo (threads.c:70)
==75471==    by 0x483F166: ??? (in /usr/lib/x86_64-linux-gnu/valgrind/vgpreload_drd-amd64-linux.so)
==75472==    by 0x402F3C: cleanup_philo (threads.c:70)
==75472==    by 0x483F166: ??? (in /usr/lib/x86_64-linux-gnu/valgrind/vgpreload_drd-amd64-linux.so)
==75475== [3] sem_wait      0x4e59000 value 0 -> 4294967295
==75475== Thread 3:
==75474== Invalid semaphore: semaphore 0x4e59000
==75474==    at 0x484A117: sem_wait@* (in /usr/lib/x86_64-linux-gnu/valgrind/vgpreload_drd-amd64-linux.so)
==75471==    by 0x4867EA6: start_thread (pthread_create.c:477)
==75471==    by 0x497DA2E: clone (clone.S:95)
==75472==    by 0x4867EA6: start_thread (pthread_create.c:477)
==75472==    by 0x497DA2E: clone (clone.S:95)
==75475== Invalid semaphore: semaphore 0x4e59000
==75475==    at 0x484A117: sem_wait@* (in /usr/lib/x86_64-linux-gnu/valgrind/vgpreload_drd-amd64-linux.so)
==75474==    by 0x402F3C: cleanup_philo (threads.c:70)
==75474==    by 0x483F166: ??? (in /usr/lib/x86_64-linux-gnu/valgrind/vgpreload_drd-amd64-linux.so)
==75471== semaphore 0x4e59000 was first observed at:
==75471==    at 0x484968B: sem_open (in /usr/lib/x86_64-linux-gnu/valgrind/vgpreload_drd-amd64-linux.so)
==75472== semaphore 0x4e59000 was first observed at:
==75472==    at 0x484968B: sem_open (in /usr/lib/x86_64-linux-gnu/valgrind/vgpreload_drd-amd64-linux.so)
==75475==    by 0x402F3C: cleanup_philo (threads.c:70)
==75475==    by 0x483F166: ??? (in /usr/lib/x86_64-linux-gnu/valgrind/vgpreload_drd-amd64-linux.so)
==75474==    by 0x4867EA6: start_thread (pthread_create.c:477)
==75474==    by 0x497DA2E: clone (clone.S:95)
==75471==    by 0x401F79: open_semaphores (setup.c:34)
==75471==    by 0x401DE4: setup (setup.c:145)
==75472==    by 0x401F79: open_semaphores (setup.c:34)
==75472==    by 0x401DE4: setup (setup.c:145)
==75475==    by 0x4867EA6: start_thread (pthread_create.c:477)
==75475==    by 0x497DA2E: clone (clone.S:95)
==75474== semaphore 0x4e59000 was first observed at:
==75474==    at 0x484968B: sem_open (in /usr/lib/x86_64-linux-gnu/valgrind/vgpreload_drd-amd64-linux.so)
==75471==    by 0x40126F: main (main.c:47)
==75471== 
==75472==    by 0x40126F: main (main.c:47)
==75472== 
==75475== semaphore 0x4e59000 was first observed at:
==75475==    at 0x484968B: sem_open (in /usr/lib/x86_64-linux-gnu/valgrind/vgpreload_drd-amd64-linux.so)
==75474==    by 0x401F79: open_semaphores (setup.c:34)
==75474==    by 0x401DE4: setup (setup.c:145)
==75471== [3] sem_wait      0x4029000 value 1 -> 0
==75472== [3] sem_wait      0x485a000 value 1 -> 0
==75475==    by 0x401F79: open_semaphores (setup.c:34)
==75475==    by 0x401DE4: setup (setup.c:145)
==75474==    by 0x40126F: main (main.c:47)
==75474== 
==75471== [3] sem_post      0x4029000 value 0 -> 1
==75472== [3] sem_post      0x485a000 value 0 -> 1
==75475==    by 0x40126F: main (main.c:47)
==75475== 
==75471== [3] sem_post      0x485f000 value 0 -> 1
==75472== [3] sem_post      0x485f000 value 4294967295 -> 0
==75475== [1] sem_wait      0x485f000 value 0 -> 4294967295
==75475== Thread 1:
==75475== Invalid semaphore: semaphore 0x485f000
==75475==    at 0x484A117: sem_wait@* (in /usr/lib/x86_64-linux-gnu/valgrind/vgpreload_drd-amd64-linux.so)
==75475==    by 0x4023B1: print_message (printing.c:25)
==75471== [2] sem_wait      0x485f000 value 1 -> 0
==75475==    by 0x4020BE: print_eating (philo_actions.c:18)
==75475==    by 0x40220D: eating (philo_actions.c:46)
==75471== [2] sem_wait      0x4029000 value 1 -> 0
==75475==    by 0x40251A: philo_routine (routine.c:40)
==75475==    by 0x402C2E: forked_philo (forked_process.c:43)
==75471== [2] sem_post      0x485e000 value 0 -> 1
==75475==    by 0x40277A: simulation (sim.c:30)
==75475==    by 0x40127C: main (main.c:48)
==75471== [2] sem_post      0x4029000 value 0 -> 1
==75475== semaphore 0x485f000 was first observed at:
==75475==    at 0x484968B: sem_open (in /usr/lib/x86_64-linux-gnu/valgrind/vgpreload_drd-amd64-linux.so)
==75475==    by 0x401F39: open_semaphores (setup.c:31)
==75475==    by 0x401DE4: setup (setup.c:145)
==75475==    by 0x40126F: main (main.c:47)
==75475== 
==75475== [1] sem_post      0x485c000 value 0 -> 1
==75475== [1] sem_post      0x485f000 value 4294967295 -> 0
==75475== [3] sem_wait      0x485c000 value 1 -> 0
==75474== [1] sem_wait      0x485f000 value 0 -> 4294967295
==75474== Thread 1:
==75475== [3] sem_post      0x485c000 value 0 -> 1
==75474== Invalid semaphore: semaphore 0x485f000
==75474==    at 0x484A117: sem_wait@* (in /usr/lib/x86_64-linux-gnu/valgrind/vgpreload_drd-amd64-linux.so)
==75475== [3] sem_post      0x485f000 value 0 -> 1
==75474==    by 0x4023B1: print_message (printing.c:25)
==75474==    by 0x40231E: sleeping (philo_actions.c:70)
==75475== [2] sem_wait      0x485f000 value 1 -> 0
==75474==    by 0x4024B4: philo_first_action (routine.c:29)
==75474==    by 0x402C12: forked_philo (forked_process.c:41)
==75475== [2] sem_wait      0x485c000 value 1 -> 0
==75474==    by 0x40277A: simulation (sim.c:30)
==75474==    by 0x40127C: main (main.c:48)
==75475== [2] sem_post      0x485e000 value 0 -> 1
==75474== semaphore 0x485f000 was first observed at:
==75474==    at 0x484968B: sem_open (in /usr/lib/x86_64-linux-gnu/valgrind/vgpreload_drd-amd64-linux.so)
==75475== [2] sem_post      0x485c000 value 0 -> 1
==75474==    by 0x401F39: open_semaphores (setup.c:31)
==75474==    by 0x401DE4: setup (setup.c:145)
==75474==    by 0x40126F: main (main.c:47)
==75475== [1] sem_wait      0x485c000 value 1 -> 0
==75474== 
==75475== [1] sem_post      0x485c000 value 0 -> 1
==75474== [1] sem_post      0x485b000 value 0 -> 1
==75475== [1] sem_post      0x485c000 value 1 -> 2
==75474== [1] sem_post      0x485f000 value 4294967295 -> 0
==75474== [2] sem_wait      0x485f000 value 0 -> 4294967295
==75474== Thread 2:
==75474== Invalid semaphore: semaphore 0x485f000
==75474==    at 0x484A117: sem_wait@* (in /usr/lib/x86_64-linux-gnu/valgrind/vgpreload_drd-amd64-linux.so)
==75474==    by 0x402CFC: philo_starving (threads.c:18)
==75474==    by 0x402EA6: monitor_philo (threads.c:53)
==75474==    by 0x483F166: ??? (in /usr/lib/x86_64-linux-gnu/valgrind/vgpreload_drd-amd64-linux.so)
==75474==    by 0x4867EA6: start_thread (pthread_create.c:477)
==75474==    by 0x497DA2E: clone (clone.S:95)
==75474== semaphore 0x485f000 was first observed at:
==75474==    at 0x484968B: sem_open (in /usr/lib/x86_64-linux-gnu/valgrind/vgpreload_drd-amd64-linux.so)
==75474==    by 0x401F39: open_semaphores (setup.c:31)
==75474==    by 0x401DE4: setup (setup.c:145)
==75474==    by 0x40126F: main (main.c:47)
==75474== 
==75474== [2] sem_wait      0x485b000 value 1 -> 0
==75474== [2] sem_post      0x485b000 value 0 -> 1
==75474== [2] sem_post      0x485f000 value 4294967295 -> 0
==75475== [1] sem_wait      0x485f000 value 0 -> 4294967295
==75474== [3] sem_wait      0x485b000 value 1 -> 0
==75475== Invalid semaphore: semaphore 0x485f000
==75475==    at 0x484A117: sem_wait@* (in /usr/lib/x86_64-linux-gnu/valgrind/vgpreload_drd-amd64-linux.so)
==75475==    by 0x402C7C: forked_philo (forked_process.c:48)
==75474== [3] sem_post      0x485b000 value 0 -> 1
==75475==    by 0x40277A: simulation (sim.c:30)
==75475==    by 0x40127C: main (main.c:48)
==75474== [3] sem_post      0x485f000 value 0 -> 1
==75475== semaphore 0x485f000 was first observed at:
==75475==    at 0x484968B: sem_open (in /usr/lib/x86_64-linux-gnu/valgrind/vgpreload_drd-amd64-linux.so)
==75475==    by 0x401F39: open_semaphores (setup.c:31)
==75475==    by 0x401DE4: setup (setup.c:145)
==75475==    by 0x40126F: main (main.c:47)
==75475== 
==75474== [2] sem_wait      0x485f000 value 1 -> 0
==75474== [2] sem_wait      0x485b000 value 1 -> 0
==75474== [2] sem_post      0x485e000 value 0 -> 1
==75474== [2] sem_post      0x485b000 value 0 -> 1
==75475== [1] sem_post      0x485f000 value 4294967295 -> 0
==75475== [1] sem_close     0x4029000 value 0
==75475== [1] sem_close     0x485a000 value 0
==75475== [1] sem_close     0x485b000 value 0
==75475== [1] sem_close     0x485c000 value 2
==75475== [1] sem_close     0x485d000 value 1
==75475== [1] sem_close     0x485e000 value 1
==75475== [1] sem_close     0x485f000 value 0
==75475== [1] sem_close     0x4e59000 value 4294967295
==75475== [1] sem_close     0x4e5a000 value 0
==75475== [1] sem_close     0x4e5b000 value 0
==75475== 
==75475== ERROR SUMMARY: 5 errors from 5 contexts (suppressed: 30 from 20)
==75475== 
==75475== 1 errors in context 1 of 5:
==75475== Invalid semaphore: semaphore 0x485f000
==75475==    at 0x484A117: sem_wait@* (in /usr/lib/x86_64-linux-gnu/valgrind/vgpreload_drd-amd64-linux.so)
==75475==    by 0x402C7C: forked_philo (forked_process.c:48)
==75475==    by 0x40277A: simulation (sim.c:30)
==75475==    by 0x40127C: main (main.c:48)
==75475== 
==75475== 
==75475== 1 errors in context 2 of 5:
==75475== Invalid semaphore: semaphore 0x485f000
==75475==    at 0x484A117: sem_wait@* (in /usr/lib/x86_64-linux-gnu/valgrind/vgpreload_drd-amd64-linux.so)
==75475==    by 0x4023B1: print_message (printing.c:25)
==75475==    by 0x4020BE: print_eating (philo_actions.c:18)
==75475==    by 0x40220D: eating (philo_actions.c:46)
==75475==    by 0x40251A: philo_routine (routine.c:40)
==75475==    by 0x402C2E: forked_philo (forked_process.c:43)
==75475==    by 0x40277A: simulation (sim.c:30)
==75475==    by 0x40127C: main (main.c:48)
==75475== 
==75475== 
==75475== 1 errors in context 3 of 5:
==75475== Thread 3:
==75475== Invalid semaphore: semaphore 0x4e59000
==75475==    at 0x484A117: sem_wait@* (in /usr/lib/x86_64-linux-gnu/valgrind/vgpreload_drd-amd64-linux.so)
==75475==    by 0x402F3C: cleanup_philo (threads.c:70)
==75475==    by 0x483F166: ??? (in /usr/lib/x86_64-linux-gnu/valgrind/vgpreload_drd-amd64-linux.so)
==75475==    by 0x4867EA6: start_thread (pthread_create.c:477)
==75475==    by 0x497DA2E: clone (clone.S:95)
==75475== 
==75475== 
==75475== 1 errors in context 4 of 5:
==75475== Thread 1:
==75475== Invalid semaphore: semaphore 0x485f000
==75475==    at 0x484A117: sem_wait@* (in /usr/lib/x86_64-linux-gnu/valgrind/vgpreload_drd-amd64-linux.so)
==75475==    by 0x4023B1: print_message (printing.c:25)
==75475==    by 0x40231E: sleeping (philo_actions.c:70)
==75475==    by 0x40247B: philo_first_action (routine.c:22)
==75475==    by 0x402C12: forked_philo (forked_process.c:41)
==75475==    by 0x40277A: simulation (sim.c:30)
==75475==    by 0x40127C: main (main.c:48)
==75475== 
==75475== 
==75475== 1 errors in context 5 of 5:
==75475== Thread 2:
==75475== Invalid semaphore: semaphore 0x4e5a000
==75475==    at 0x484A117: sem_wait@* (in /usr/lib/x86_64-linux-gnu/valgrind/vgpreload_drd-amd64-linux.so)
==75475==    by 0x402E58: monitor_philo (threads.c:46)
==75475==    by 0x483F166: ??? (in /usr/lib/x86_64-linux-gnu/valgrind/vgpreload_drd-amd64-linux.so)
==75475==    by 0x4867EA6: start_thread (pthread_create.c:477)
==75475==    by 0x497DA2E: clone (clone.S:95)
==75475== 
--75475-- 
--75475-- used_suppression:     30 drd-ld /usr/lib/x86_64-linux-gnu/valgrind/default.supp:564
==75475== 
==75475== ERROR SUMMARY: 5 errors from 5 contexts (suppressed: 30 from 20)
==75471== [1] sem_wait      0x4029000 value 1 -> 0
==75471== [1] sem_post      0x4029000 value 0 -> 1
==75471== [1] sem_wait      0x485f000 value 0 -> 4294967295
==75471== Thread 1:
==75471== Invalid semaphore: semaphore 0x485f000
==75471==    at 0x484A117: sem_wait@* (in /usr/lib/x86_64-linux-gnu/valgrind/vgpreload_drd-amd64-linux.so)
==75471==    by 0x402C7C: forked_philo (forked_process.c:48)
==75471==    by 0x40277A: simulation (sim.c:30)
==75471==    by 0x40127C: main (main.c:48)
==75471== semaphore 0x485f000 was first observed at:
==75471==    at 0x484968B: sem_open (in /usr/lib/x86_64-linux-gnu/valgrind/vgpreload_drd-amd64-linux.so)
==75471==    by 0x401F39: open_semaphores (setup.c:31)
==75471==    by 0x401DE4: setup (setup.c:145)
==75471==    by 0x40126F: main (main.c:47)
==75471== 
==75471== [1] sem_post      0x485f000 value 4294967295 -> 0
==75471== [1] sem_close     0x4029000 value 1
==75471== [1] sem_close     0x485a000 value 0
==75471== [1] sem_close     0x485b000 value 0
==75471== [1] sem_close     0x485c000 value 0
==75471== [1] sem_close     0x485d000 value 2
==75471== [1] sem_close     0x485e000 value 1
==75471== [1] sem_close     0x485f000 value 0
==75471== [1] sem_close     0x4e59000 value 4294967295
==75471== [1] sem_close     0x4e5a000 value 0
==75471== [1] sem_close     0x4e5b000 value 0
==75471== 
==75471== ERROR SUMMARY: 8 errors from 8 contexts (suppressed: 24 from 18)
==75471== 
==75471== 1 errors in context 1 of 8:
==75471== Invalid semaphore: semaphore 0x485f000
==75471==    at 0x484A117: sem_wait@* (in /usr/lib/x86_64-linux-gnu/valgrind/vgpreload_drd-amd64-linux.so)
==75471==    by 0x402C7C: forked_philo (forked_process.c:48)
==75471==    by 0x40277A: simulation (sim.c:30)
==75471==    by 0x40127C: main (main.c:48)
==75471== 
==75471== 
==75471== 1 errors in context 2 of 8:
==75471== Thread 3:
==75471== Invalid semaphore: semaphore 0x4e59000
==75471==    at 0x484A117: sem_wait@* (in /usr/lib/x86_64-linux-gnu/valgrind/vgpreload_drd-amd64-linux.so)
==75471==    by 0x402F3C: cleanup_philo (threads.c:70)
==75471==    by 0x483F166: ??? (in /usr/lib/x86_64-linux-gnu/valgrind/vgpreload_drd-amd64-linux.so)
==75471==    by 0x4867EA6: start_thread (pthread_create.c:477)
==75471==    by 0x497DA2E: clone (clone.S:95)
==75471== 
==75471== 
==75471== 1 errors in context 3 of 8:
==75471== Thread 2:
==75471== Invalid semaphore: semaphore 0x485f000
==75471==    at 0x484A117: sem_wait@* (in /usr/lib/x86_64-linux-gnu/valgrind/vgpreload_drd-amd64-linux.so)
==75471==    by 0x402CFC: philo_starving (threads.c:18)
==75471==    by 0x402EA6: monitor_philo (threads.c:53)
==75471==    by 0x483F166: ??? (in /usr/lib/x86_64-linux-gnu/valgrind/vgpreload_drd-amd64-linux.so)
==75472== [1] sem_wait      0x485a000 value 1 -> 0
==75471==    by 0x4867EA6: start_thread (pthread_create.c:477)
==75471==    by 0x497DA2E: clone (clone.S:95)
==75472== [1] sem_post      0x485a000 value 0 -> 1
==75471== 
==75471== 
==75472== [1] sem_post      0x485a000 value 1 -> 2
==75471== 1 errors in context 4 of 8:
==75471== Thread 1:
==75471== Invalid semaphore: semaphore 0x485f000
==75471==    at 0x484A117: sem_wait@* (in /usr/lib/x86_64-linux-gnu/valgrind/vgpreload_drd-amd64-linux.so)
==75471==    by 0x4023B1: print_message (printing.c:25)
==75471==    by 0x40231E: sleeping (philo_actions.c:70)
==75471==    by 0x4024B4: philo_first_action (routine.c:29)
==75471==    by 0x402C12: forked_philo (forked_process.c:41)
==75471==    by 0x40277A: simulation (sim.c:30)
==75471==    by 0x40127C: main (main.c:48)
==75471== 
==75472== [1] sem_wait      0x485f000 value 0 -> 4294967295
==75472== Thread 1:
==75471== 
==75471== 1 errors in context 5 of 8:
==75472== Invalid semaphore: semaphore 0x485f000
==75472==    at 0x484A117: sem_wait@* (in /usr/lib/x86_64-linux-gnu/valgrind/vgpreload_drd-amd64-linux.so)
==75471== Invalid semaphore: semaphore 0x485f000
==75471==    at 0x484A117: sem_wait@* (in /usr/lib/x86_64-linux-gnu/valgrind/vgpreload_drd-amd64-linux.so)
==75472==    by 0x402C7C: forked_philo (forked_process.c:48)
==75472==    by 0x40277A: simulation (sim.c:30)
==75471==    by 0x4023B1: print_message (printing.c:25)
==75471==    by 0x402106: print_eating (philo_actions.c:22)
==75472==    by 0x40127C: main (main.c:48)
==75472== semaphore 0x485f000 was first observed at:
==75471==    by 0x40220D: eating (philo_actions.c:46)
==75471==    by 0x40249A: philo_first_action (routine.c:27)
==75472==    at 0x484968B: sem_open (in /usr/lib/x86_64-linux-gnu/valgrind/vgpreload_drd-amd64-linux.so)
==75471==    by 0x402C12: forked_philo (forked_process.c:41)
==75471==    by 0x40277A: simulation (sim.c:30)
==75472==    by 0x401F39: open_semaphores (setup.c:31)
==75472==    by 0x401DE4: setup (setup.c:145)
==75471==    by 0x40127C: main (main.c:48)
==75471== 
==75472==    by 0x40126F: main (main.c:47)
==75472== 
==75471== 
==75471== 1 errors in context 6 of 8:
==75471== Invalid semaphore: semaphore 0x485f000
==75471==    at 0x484A117: sem_wait@* (in /usr/lib/x86_64-linux-gnu/valgrind/vgpreload_drd-amd64-linux.so)
==75471==    by 0x4023B1: print_message (printing.c:25)
==75471==    by 0x4020E2: print_eating (philo_actions.c:20)
==75471==    by 0x40220D: eating (philo_actions.c:46)
==75471==    by 0x40249A: philo_first_action (routine.c:27)
==75471==    by 0x402C12: forked_philo (forked_process.c:41)
==75471==    by 0x40277A: simulation (sim.c:30)
==75471==    by 0x40127C: main (main.c:48)
==75471== 
==75471== 
==75471== 1 errors in context 7 of 8:
==75471== Invalid semaphore: semaphore 0x485f000
==75471==    at 0x484A117: sem_wait@* (in /usr/lib/x86_64-linux-gnu/valgrind/vgpreload_drd-amd64-linux.so)
==75471==    by 0x4023B1: print_message (printing.c:25)
==75471==    by 0x4020BE: print_eating (philo_actions.c:18)
==75471==    by 0x40220D: eating (philo_actions.c:46)
==75471==    by 0x40249A: philo_first_action (routine.c:27)
==75471==    by 0x402C12: forked_philo (forked_process.c:41)
==75471==    by 0x40277A: simulation (sim.c:30)
==75471==    by 0x40127C: main (main.c:48)
==75471== 
==75471== 
==75471== 1 errors in context 8 of 8:
==75471== Thread 2:
==75471== Invalid semaphore: semaphore 0x4e5a000
==75471==    at 0x484A117: sem_wait@* (in /usr/lib/x86_64-linux-gnu/valgrind/vgpreload_drd-amd64-linux.so)
==75471==    by 0x402E58: monitor_philo (threads.c:46)
==75471==    by 0x483F166: ??? (in /usr/lib/x86_64-linux-gnu/valgrind/vgpreload_drd-amd64-linux.so)
==75472== [1] sem_post      0x485f000 value 4294967295 -> 0
==75471==    by 0x4867EA6: start_thread (pthread_create.c:477)
==75471==    by 0x497DA2E: clone (clone.S:95)
==75471== 
--75471-- 
==75472== [1] sem_close     0x4029000 value 0
--75471-- used_suppression:     24 drd-ld /usr/lib/x86_64-linux-gnu/valgrind/default.supp:564
==75471== 
==75471== ERROR SUMMARY: 8 errors from 8 contexts (suppressed: 24 from 18)
==75472== [1] sem_close     0x485a000 value 2
==75472== [1] sem_close     0x485b000 value 0
==75472== [1] sem_close     0x485c000 value 0
==75472== [1] sem_close     0x485d000 value 1
==75472== [1] sem_close     0x485e000 value 1
==75472== [1] sem_close     0x485f000 value 0
==75472== [1] sem_close     0x4e59000 value 4294967295
==75472== [1] sem_close     0x4e5a000 value 0
==75472== [1] sem_close     0x4e5b000 value 0
==75472== 
==75472== ERROR SUMMARY: 8 errors from 8 contexts (suppressed: 24 from 18)
==75472== 
==75472== 1 errors in context 1 of 8:
==75472== Invalid semaphore: semaphore 0x485f000
==75472==    at 0x484A117: sem_wait@* (in /usr/lib/x86_64-linux-gnu/valgrind/vgpreload_drd-amd64-linux.so)
==75472==    by 0x402C7C: forked_philo (forked_process.c:48)
==75472==    by 0x40277A: simulation (sim.c:30)
==75472==    by 0x40127C: main (main.c:48)
==75472== 
==75472== 
==75472== 1 errors in context 2 of 8:
==75472== Thread 3:
==75472== Invalid semaphore: semaphore 0x4e59000
==75472==    at 0x484A117: sem_wait@* (in /usr/lib/x86_64-linux-gnu/valgrind/vgpreload_drd-amd64-linux.so)
==75472==    by 0x402F3C: cleanup_philo (threads.c:70)
==75472==    by 0x483F166: ??? (in /usr/lib/x86_64-linux-gnu/valgrind/vgpreload_drd-amd64-linux.so)
==75472==    by 0x4867EA6: start_thread (pthread_create.c:477)
==75472==    by 0x497DA2E: clone (clone.S:95)
==75472== 
==75472== 
==75472== 1 errors in context 3 of 8:
==75472== Thread 2:
==75472== Invalid semaphore: semaphore 0x485f000
==75472==    at 0x484A117: sem_wait@* (in /usr/lib/x86_64-linux-gnu/valgrind/vgpreload_drd-amd64-linux.so)
==75472==    by 0x402CFC: philo_starving (threads.c:18)
==75472==    by 0x402EA6: monitor_philo (threads.c:53)
==75472==    by 0x483F166: ??? (in /usr/lib/x86_64-linux-gnu/valgrind/vgpreload_drd-amd64-linux.so)
==75472==    by 0x4867EA6: start_thread (pthread_create.c:477)
==75472==    by 0x497DA2E: clone (clone.S:95)
==75472== 
==75472== 
==75472== 1 errors in context 4 of 8:
==75472== Thread 1:
==75472== Invalid semaphore: semaphore 0x485f000
==75472==    at 0x484A117: sem_wait@* (in /usr/lib/x86_64-linux-gnu/valgrind/vgpreload_drd-amd64-linux.so)
==75472==    by 0x4023B1: print_message (printing.c:25)
==75474== [1] sem_wait      0x485b000 value 1 -> 0
==75472==    by 0x402106: print_eating (philo_actions.c:22)
==75472==    by 0x40220D: eating (philo_actions.c:46)
==75474== [1] sem_post      0x485b000 value 0 -> 1
==75472==    by 0x40251A: philo_routine (routine.c:40)
==75472==    by 0x402C2E: forked_philo (forked_process.c:43)
==75472==    by 0x40277A: simulation (sim.c:30)
==75472==    by 0x40127C: main (main.c:48)
==75472== 
==75472== 
==75472== 1 errors in context 5 of 8:
==75472== Invalid semaphore: semaphore 0x485f000
==75474== [1] sem_wait      0x485f000 value 0 -> 4294967295
==75474== Thread 1:
==75472==    at 0x484A117: sem_wait@* (in /usr/lib/x86_64-linux-gnu/valgrind/vgpreload_drd-amd64-linux.so)
==75472==    by 0x4023B1: print_message (printing.c:25)
==75474== Invalid semaphore: semaphore 0x485f000
==75474==    at 0x484A117: sem_wait@* (in /usr/lib/x86_64-linux-gnu/valgrind/vgpreload_drd-amd64-linux.so)
==75472==    by 0x4020E2: print_eating (philo_actions.c:20)
==75472==    by 0x40220D: eating (philo_actions.c:46)
==75474==    by 0x402C7C: forked_philo (forked_process.c:48)
==75474==    by 0x40277A: simulation (sim.c:30)
==75472==    by 0x40251A: philo_routine (routine.c:40)
==75472==    by 0x402C2E: forked_philo (forked_process.c:43)
==75474==    by 0x40127C: main (main.c:48)
==75474== semaphore 0x485f000 was first observed at:
==75472==    by 0x40277A: simulation (sim.c:30)
==75472==    by 0x40127C: main (main.c:48)
==75474==    at 0x484968B: sem_open (in /usr/lib/x86_64-linux-gnu/valgrind/vgpreload_drd-amd64-linux.so)
==75474==    by 0x401F39: open_semaphores (setup.c:31)
==75472== 
==75472== 
==75474==    by 0x401DE4: setup (setup.c:145)
==75474==    by 0x40126F: main (main.c:47)
==75472== 1 errors in context 6 of 8:
==75472== Invalid semaphore: semaphore 0x485f000
==75474== 
==75472==    at 0x484A117: sem_wait@* (in /usr/lib/x86_64-linux-gnu/valgrind/vgpreload_drd-amd64-linux.so)
==75472==    by 0x4023B1: print_message (printing.c:25)
==75472==    by 0x4020BE: print_eating (philo_actions.c:18)
==75472==    by 0x40220D: eating (philo_actions.c:46)
==75472==    by 0x40251A: philo_routine (routine.c:40)
==75472==    by 0x402C2E: forked_philo (forked_process.c:43)
==75472==    by 0x40277A: simulation (sim.c:30)
==75472==    by 0x40127C: main (main.c:48)
==75472== 
==75472== 
==75472== 1 errors in context 7 of 8:
==75472== Invalid semaphore: semaphore 0x485f000
==75472==    at 0x484A117: sem_wait@* (in /usr/lib/x86_64-linux-gnu/valgrind/vgpreload_drd-amd64-linux.so)
==75472==    by 0x4023B1: print_message (printing.c:25)
==75472==    by 0x40231E: sleeping (philo_actions.c:70)
==75472==    by 0x40247B: philo_first_action (routine.c:22)
==75472==    by 0x402C12: forked_philo (forked_process.c:41)
==75472==    by 0x40277A: simulation (sim.c:30)
==75472==    by 0x40127C: main (main.c:48)
==75472== 
==75472== 
==75472== 1 errors in context 8 of 8:
==75472== Thread 2:
==75472== Invalid semaphore: semaphore 0x4e5a000
==75472==    at 0x484A117: sem_wait@* (in /usr/lib/x86_64-linux-gnu/valgrind/vgpreload_drd-amd64-linux.so)
==75472==    by 0x402E58: monitor_philo (threads.c:46)
==75472==    by 0x483F166: ??? (in /usr/lib/x86_64-linux-gnu/valgrind/vgpreload_drd-amd64-linux.so)
==75472==    by 0x4867EA6: start_thread (pthread_create.c:477)
==75472==    by 0x497DA2E: clone (clone.S:95)
==75472== 
--75472-- 
--75472-- used_suppression:     24 drd-ld /usr/lib/x86_64-linux-gnu/valgrind/default.supp:564
==75474== [1] sem_post      0x485f000 value 4294967295 -> 0
==75472== 
==75472== ERROR SUMMARY: 8 errors from 8 contexts (suppressed: 24 from 18)
==75474== [1] sem_close     0x4029000 value 0
==75474== [1] sem_close     0x485a000 value 0
==75474== [1] sem_close     0x485b000 value 1
==75474== [1] sem_close     0x485c000 value 0
==75474== [1] sem_close     0x485d000 value 2
==75474== [1] sem_close     0x485e000 value 1
==75474== [1] sem_close     0x485f000 value 0
==75474== [1] sem_close     0x4e59000 value 4294967295
==75474== [1] sem_close     0x4e5a000 value 0
==75474== [1] sem_close     0x4e5b000 value 0
==75474== 
==75474== ERROR SUMMARY: 8 errors from 8 contexts (suppressed: 24 from 18)
==75474== 
==75474== 1 errors in context 1 of 8:
==75474== Invalid semaphore: semaphore 0x485f000
==75474==    at 0x484A117: sem_wait@* (in /usr/lib/x86_64-linux-gnu/valgrind/vgpreload_drd-amd64-linux.so)
==75474==    by 0x402C7C: forked_philo (forked_process.c:48)
==75474==    by 0x40277A: simulation (sim.c:30)
==75474==    by 0x40127C: main (main.c:48)
==75474== 
==75474== 
==75474== 1 errors in context 2 of 8:
==75474== Thread 2:
==75474== Invalid semaphore: semaphore 0x485f000
==75474==    at 0x484A117: sem_wait@* (in /usr/lib/x86_64-linux-gnu/valgrind/vgpreload_drd-amd64-linux.so)
==75474==    by 0x402CFC: philo_starving (threads.c:18)
==75474==    by 0x402EA6: monitor_philo (threads.c:53)
==75474==    by 0x483F166: ??? (in /usr/lib/x86_64-linux-gnu/valgrind/vgpreload_drd-amd64-linux.so)
==75474==    by 0x4867EA6: start_thread (pthread_create.c:477)
==75474==    by 0x497DA2E: clone (clone.S:95)
==75474== 
==75474== 
==75474== 1 errors in context 3 of 8:
==75474== Thread 1:
==75474== Invalid semaphore: semaphore 0x485f000
==75474==    at 0x484A117: sem_wait@* (in /usr/lib/x86_64-linux-gnu/valgrind/vgpreload_drd-amd64-linux.so)
==75474==    by 0x4023B1: print_message (printing.c:25)
==75474==    by 0x40231E: sleeping (philo_actions.c:70)
==75474==    by 0x4024B4: philo_first_action (routine.c:29)
==75474==    by 0x402C12: forked_philo (forked_process.c:41)
==75474==    by 0x40277A: simulation (sim.c:30)
==75474==    by 0x40127C: main (main.c:48)
==75474== 
==75474== 
==75474== 1 errors in context 4 of 8:
==75474== Thread 3:
==75474== Invalid semaphore: semaphore 0x4e59000
==75474==    at 0x484A117: sem_wait@* (in /usr/lib/x86_64-linux-gnu/valgrind/vgpreload_drd-amd64-linux.so)
==75474==    by 0x402F3C: cleanup_philo (threads.c:70)
==75474==    by 0x483F166: ??? (in /usr/lib/x86_64-linux-gnu/valgrind/vgpreload_drd-amd64-linux.so)
==75474==    by 0x4867EA6: start_thread (pthread_create.c:477)
==75474==    by 0x497DA2E: clone (clone.S:95)
==75474== 
==75474== 
==75474== 1 errors in context 5 of 8:
==75474== Thread 1:
==75474== Invalid semaphore: semaphore 0x485f000
==75474==    at 0x484A117: sem_wait@* (in /usr/lib/x86_64-linux-gnu/valgrind/vgpreload_drd-amd64-linux.so)
==75474==    by 0x4023B1: print_message (printing.c:25)
==75474==    by 0x402106: print_eating (philo_actions.c:22)
==75474==    by 0x40220D: eating (philo_actions.c:46)
==75474==    by 0x40249A: philo_first_action (routine.c:27)
==75474==    by 0x402C12: forked_philo (forked_process.c:41)
==75474==    by 0x40277A: simulation (sim.c:30)
==75474==    by 0x40127C: main (main.c:48)
==75474== 
==75474== 
==75474== 1 errors in context 6 of 8:
==75474== Invalid semaphore: semaphore 0x485f000
==75474==    at 0x484A117: sem_wait@* (in /usr/lib/x86_64-linux-gnu/valgrind/vgpreload_drd-amd64-linux.so)
==75474==    by 0x4023B1: print_message (printing.c:25)
==75474==    by 0x4020E2: print_eating (philo_actions.c:20)
==75474==    by 0x40220D: eating (philo_actions.c:46)
==75474==    by 0x40249A: philo_first_action (routine.c:27)
==75474==    by 0x402C12: forked_philo (forked_process.c:41)
==75474==    by 0x40277A: simulation (sim.c:30)
==75474==    by 0x40127C: main (main.c:48)
==75474== 
==75474== 
==75474== 1 errors in context 7 of 8:
==75474== Invalid semaphore: semaphore 0x485f000
==75474==    at 0x484A117: sem_wait@* (in /usr/lib/x86_64-linux-gnu/valgrind/vgpreload_drd-amd64-linux.so)
==75474==    by 0x4023B1: print_message (printing.c:25)
==75474==    by 0x4020BE: print_eating (philo_actions.c:18)
==75474==    by 0x40220D: eating (philo_actions.c:46)
==75474==    by 0x40249A: philo_first_action (routine.c:27)
==75474==    by 0x402C12: forked_philo (forked_process.c:41)
==75474==    by 0x40277A: simulation (sim.c:30)
==75474==    by 0x40127C: main (main.c:48)
==75474== 
==75474== 
==75474== 1 errors in context 8 of 8:
==75474== Thread 2:
==75474== Invalid semaphore: semaphore 0x4e5a000
==75474==    at 0x484A117: sem_wait@* (in /usr/lib/x86_64-linux-gnu/valgrind/vgpreload_drd-amd64-linux.so)
==75474==    by 0x402E58: monitor_philo (threads.c:46)
==75474==    by 0x483F166: ??? (in /usr/lib/x86_64-linux-gnu/valgrind/vgpreload_drd-amd64-linux.so)
==75474==    by 0x4867EA6: start_thread (pthread_create.c:477)
==75474==    by 0x497DA2E: clone (clone.S:95)
==75474== 
--75474-- 
--75474-- used_suppression:     24 drd-ld /usr/lib/x86_64-linux-gnu/valgrind/default.supp:564
==75474== 
==75474== ERROR SUMMARY: 8 errors from 8 contexts (suppressed: 24 from 18)
==75470== [1] sem_close     0x4029000 value 0
==75470== [1] sem_close     0x485a000 value 0
==75470== [1] sem_close     0x485b000 value 0
==75470== [1] sem_close     0x485c000 value 0
==75470== [1] sem_close     0x485d000 value 2
==75470== [1] sem_close     0x485e000 value 4294967295
==75470== [1] sem_close     0x485f000 value 1
==75470== [1] sem_close     0x4e59000 value 4
==75470== [1] sem_close     0x4e5a000 value 1
==75470== [1] sem_close     0x4e5b000 value 0
==75470== 
==75470== ERROR SUMMARY: 1 errors from 1 contexts (suppressed: 0 from 0)
==75470== 
==75470== 1 errors in context 1 of 1:
==75470== Invalid semaphore: semaphore 0x485e000
==75470==    at 0x484A117: sem_wait@* (in /usr/lib/x86_64-linux-gnu/valgrind/vgpreload_drd-amd64-linux.so)
==75470==    by 0x4027B9: simulation (sim.c:38)
==75470==    by 0x40127C: main (main.c:48)
==75470== 
==75470== ERROR SUMMARY: 1 errors from 1 contexts (suppressed: 0 from 0)
